2024-09-26 13:42:06 [INFO] Loaded website: https://timesofindia.indiatimes.com/topic/hyderabad-drug-arrest/news
2024-09-26 13:42:46 [INFO] No more "Load More Articles" button found, stopping scroll
2024-09-26 13:42:46 [INFO] Saved article: Alarming drug trend in Hyderabad: Addicts turn to injecting nitravet liquid for stronger high; 5 held
2024-09-26 13:42:46 [INFO] Saved article: Hyderabad drug bust: Amphetamine worth Rs 8.5 crore seized, 3 held for peddling
2024-09-26 13:42:46 [INFO] Saved article: Suppliers to peddlers: How 100 names dropped over seizure of 2 ecstasy pills in Hyderabad
2024-09-26 13:42:46 [INFO] Saved article: Ex-IIIT student among 2 held for selling ganja
2024-09-26 13:42:46 [INFO] Saved article: Man held for selling ganja chocolates
2024-09-26 13:42:46 [INFO] Saved article: 3 engineering students held for peddling drugs in Hyderabad; 30 LSD blots seized
2024-09-26 13:42:46 [INFO] Saved article: Man held for supplying meds without prescription & his employer get bail
2024-09-26 13:42:46 [INFO] Saved article: Actress' brother among 6 detained in Hyderabad drug bust
2024-09-26 13:42:46 [INFO] Saved article: Aman Preet Singh, brother of Bollywood actress, detained by Telangana police in drug case
2024-09-26 13:42:46 [INFO] Saved article: Rakul Preet Singh's brother Aman Preet Singh arrested in connection to a drugs case - reports
2024-09-26 13:42:46 [INFO] Saved article: Drug bust case: Rakul Preet Singh's brother Aman Preet Singh among ten arrested by Hyderabad police; to be produced before court post medical tests
2024-09-26 13:42:46 [INFO] Saved article: Nigerian smuggled drugs in bread loaf
2024-09-26 13:42:46 [INFO] Saved article: Raid at Hyderabad pub, 24 held for drug use
2024-09-26 13:42:46 [INFO] Saved article: Drug bust in IT hub pub in Hyderabad , 2nd in 2 weeks; techies & DJs caught
2024-09-26 13:42:46 [INFO] Saved article: 900kg ganja being transported to Maharashtra seized in Adilabad, 2 held
2024-09-26 13:42:46 [INFO] Saved article: Cops move to arrest drug, alcohol abuse, gambling in force
2024-09-26 13:42:46 [INFO] Saved article: Man gets 12 years jail for possessing 2kg hashish oil
2024-09-26 13:42:46 [INFO] Saved article: Rs 328 crore narcotics seized, 15 held in interstate racket
2024-09-26 13:42:46 [INFO] Saved article: Woman drugged, gang-raped by colleagues in car
2024-09-26 13:42:46 [INFO] Saved article: Hyderabad's dope drought drives cocaine prices to new high
2024-09-26 13:42:46 [INFO] Saved article: Actress Hema released on conditional bail
2024-09-26 13:42:46 [INFO] Saved article: 9 chargesheeted for organising rave party, 79 for consuming drugs
2024-09-26 13:42:46 [INFO] Saved article: Four R’than peddlers arrested with drugs
2024-09-26 13:42:46 [INFO] Saved article: Hyderabad 'doctor' arrested in Solapur drug manufacturing factory bust
2024-09-26 13:42:46 [INFO] Saved article: Telugu students falling prey to drugs in US, deadly spike in overdose cases
2024-09-26 13:42:46 [INFO] Saved article: ‘Bro Daddy’ assistant director Mansoor Rasheed arrested for sexual harassment
2024-09-26 13:42:46 [INFO] Saved article: Man arrested with 10g heroin
2024-09-26 13:42:46 [INFO] Saved article: Hyderabad: BTech grad arrested with drugs worth Rs 10 lakh for sale on New Year Eve
2024-09-26 13:42:46 [INFO] Saved article: Inter-state drug racket busted, five arrested
2024-09-26 13:42:46 [INFO] Saved article: Three arrested for peddling MDMA crystal pills & cocaine
2024-09-26 13:42:46 [INFO] Saved article: Hyderabad crook claims Aadhaar linked to Dawood Ibrahim's aide, dupes 60-year-old
2024-09-26 13:42:46 [INFO] Saved article: Counterfeit drugs of major brands seized
2024-09-26 13:42:46 [INFO] Saved article: Engineer among three arrested with 100gm MDMA meant for New Year revelry
2024-09-26 13:42:46 [INFO] Saved article: Nigerian peddler held with drug haul worth Rs 8 crore in Hyderabad
2024-09-26 13:42:46 [INFO] Saved article: Law student, 6 others held for bid to frame ex-lover in drug case
2024-09-26 13:42:46 [INFO] Saved article: Two real estate agents working for a reputed real estate firm held for raping their colleague
2024-09-26 13:42:46 [INFO] Saved article: Peddler held with syrups & muscle-growth injections
2024-09-26 13:42:46 [INFO] Saved article: Police make 14th arrest in Samangaon drug case
2024-09-26 13:42:46 [INFO] Saved article: Telangana: Doctor’s wife arrested for illegal supply of Fentanyl
2024-09-26 13:42:46 [INFO] Saved article: 'Kabali' film producer arrested in Hyderabad drug bust!
2024-09-26 13:42:46 [INFO] Saved article: Nigerian cartels skirt arrest, use Sudanese as drug mules
2024-09-26 13:42:46 [INFO] Saved article: Hyderabad Police arrest fraudster who facilitated Binance account to Chinese
2024-09-26 13:42:46 [INFO] Saved article: Tollywood financier and his two associates held in Hyderabad drug bust
2024-09-26 13:42:46 [INFO] Saved article: Nigerian cartels skirt arrest, use Sudanese as drug mules in Hyderabad
2024-09-26 13:42:46 [INFO] Saved article: How a Nigerian captured a third of India’s drug market
2024-09-26 13:42:46 [INFO] Saved article: Actress Ashi Roy reveals she was unaware of Bengaluru rave party's intent: 'I thought it was a birthday party'
2024-09-26 13:42:46 [INFO] Saved article: Woman panchayat president arrested for selling arrack
2024-09-26 13:42:46 [INFO] Saved article: Man smuggles opium from Raj, arrested
2024-09-26 13:42:46 [INFO] Saved article: Is Tollywood actor Navdeep heading for arrest in drug case?
2024-09-26 13:42:46 [INFO] Saved article: Drug peddler arrested in Bahadurpura
2024-09-26 13:42:46 [INFO] Saved article: Rave party case: Telugu actor nabbed for misleading probe
2024-09-26 13:42:46 [INFO] Saved article: Ex-MP's son, director among eight more held in Hyderabad drug bust
2024-09-26 13:42:46 [INFO] Saved article: Raj bizman held with ₹60L worth heroin & MDMA
2024-09-26 13:42:46 [INFO] Saved article: Fraudsters resort to ‘digital arrest’, force victims to pay hefty amounts
2024-09-26 13:42:46 [INFO] Saved article: Man turns to drug trade to cover losses, arrested
2024-09-26 13:42:46 [INFO] Saved article: Maha gang busted with 208 kg ganja from AP drug hub
2024-09-26 13:42:46 [INFO] Saved article: TSNAB held 399 peddlers in 2 months
2024-09-26 13:42:46 [INFO] Saved article: ‘Will not tolerate drug menace’
2024-09-26 13:42:46 [INFO] Saved article: Drug peddler arested
2024-09-26 13:42:46 [INFO] Saved article: Telangana's drug addiction centres miss the point
2024-09-26 13:42:46 [INFO] Saved article: Drugs case: Director Krish Jagarlamudi tests -ve
2024-09-26 13:42:46 [INFO] Saved article: 15 arrested for illegal sale of restricted drugs worth Rs 40 lakh in Hyderabad
2024-09-26 13:42:46 [INFO] Saved article: Peddler held with Rs 4 lakh drugs in Hyderabad
2024-09-26 13:42:46 [INFO] Saved article: 2 men arrested in Mumbai for cheating actress by promising role in Hollywood web series
2024-09-26 13:42:46 [INFO] Saved article: Two drug peddlers arrested
2024-09-26 13:42:46 [INFO] Saved article: Drugs-in-parcel scam: Nigerian cyber gangs under vigil, IP address abroad
2024-09-26 13:42:46 [INFO] Saved article: Biggest drug haul at RGIA this year, Rs 41 crore heroin seized
2024-09-26 13:42:46 [INFO] Saved article: Cop turns drug peddler, arrested in Hyderabad
2024-09-26 13:42:46 [INFO] Saved article: Telangana: World's strongest ecstasy pills among drugs worth Rs 8 lakh seized
2024-09-26 13:42:46 [INFO] Saved article: 3 interstate drug smugglers arrested, 150 kg ganja seized
2024-09-26 13:42:46 [INFO] Saved article: Hyderabad construction firm director, two others held for cocaine abuse
2024-09-26 13:42:46 [INFO] Saved article: HC: Release the owner of Goa's Curlies in drugs case
2024-09-26 13:42:46 [INFO] Saved article: Hyderabad cops arrest Odisha native for drug peddling
2024-09-26 13:42:46 [INFO] Saved article: Hyderabad police bust drug peddling racket, arrest four
2024-09-26 13:42:46 [INFO] Saved article: Hyderabad cops approach Mumbai police to choke drug route
2024-09-26 13:42:46 [INFO] Saved article: Telangana: Cyber crooks looted Rs 700 crore, victims got Rs 7 crore
2024-09-26 13:42:46 [INFO] Saved article: Police bank on drug users to check abuse
2024-09-26 13:42:46 [INFO] Saved article: 30-50 visit hosp daily hoping to rid of drug-laced toddy addiction: Doc
2024-09-26 13:42:46 [INFO] Saved article: Hyderabad: 120 persons arrested since formation of new Narcotics wing
2024-09-26 13:42:46 [INFO] Saved article: Andhra Pradesh-Maharastra drug corridor choked, 2 gangs busted
2024-09-26 13:42:46 [INFO] Saved article: Hyderabad cops crash birthday party: 12 clients, 2 peddlers held with ecstasy haul
2024-09-26 13:42:46 [INFO] Saved article: Cops to quiz man caught in Hyd with ganja chocolates
2024-09-26 13:42:46 [INFO] Saved article: Some new Tollywood actors take drugs, claims Navdeep
2024-09-26 13:42:46 [INFO] Saved article: Drugs reaching Hyderabad in pickle jars, as protein supplements
2024-09-26 13:42:46 [INFO] Saved article: Two peddlers held, 3.5 kg opium seized
2024-09-26 13:42:46 [INFO] Saved article: Third case in 16 days: Drugs lab in Solapur MIDC sealed
2024-09-26 13:42:46 [INFO] Saved article: Mumbai: Two more held in Rs 267 cr drug racket; godown turned 'cooking lab' in December
2024-09-26 13:42:46 [INFO] Saved article: Hyderabad drug lab busted, scientist & chemistry graduate arrested for dope business
2024-09-26 13:42:46 [INFO] Saved article: Mum-based drug peddler nabbed near Charminar
2024-09-26 13:42:46 [INFO] Saved article: Cops on hunt for man who supplied drugs to filmstars
2024-09-26 13:42:46 [INFO] Saved article: Two interstate gangs busted, 380kg ganja seized, 9 arrested
2024-09-26 13:42:46 [INFO] Saved article: Man held in Rs 70 crore drug bust case of 2021 in MP; Bajrang Dal functionary says accused son of BJP leader
2024-09-26 13:42:46 [INFO] Saved article: Goa drug conduit choked, Hyderabad turns to Maharashtra for MDMA high
2024-09-26 13:42:46 [INFO] Saved article: Stockbroker held for selling drugs, 41kg ganja seized in Hyderabad
2024-09-26 13:42:46 [INFO] Saved article: Hyderabad man, key player in global internet drug racket, arrested
2024-09-26 13:42:46 [INFO] Saved article: 2 drug peddlers, 10 buyers held
2024-09-26 13:42:46 [INFO] Saved article: 2 techies fall prey to drug parcel scam
2024-09-26 13:42:46 [INFO] Saved article: Goa police to leave for Hyderabad to nab drug suppliers
2024-09-26 13:42:46 [INFO] Saved article: Three arrested for drug peddling in Hyderabad
2024-09-26 13:42:46 [INFO] Saved article: Vizag: 3 arrested with drugs, fourth accused at large
2024-09-26 13:42:46 [INFO] Saved article: Cops: Mohit sourced drugs from Edwin and supplied to DJs in Hyderabad
2024-09-26 13:42:46 [INFO] Saved article: Hyderabad: Arabic tutor held for drug peddling
2024-09-26 13:42:46 [INFO] Saved article: Rs 1.3 crore cocaine seized in Hyderabad drug bust, Nigerian and 3 others held
2024-09-26 13:42:46 [INFO] Saved article: Pune pseudoephedrine pushers arrested in Hyderabad for shipping dope to Australia
2024-09-26 13:42:46 [INFO] Saved article: Cyber cops arrest one from UP for parcel fraud
2024-09-26 13:42:46 [INFO] Saved article: Man smuggled heroin from Mumbai, arrested in Hyderabad
2024-09-26 13:42:46 [INFO] Saved article: Nigerian peddler posing as pastor held with ecstasy pills
2024-09-26 13:42:46 [INFO] Saved article: HillTop owner held by Hyderabad cops in drugs case
2024-09-26 13:42:46 [INFO] Saved article: 5 held in Hyderabad drug bust, clients mostly students
2024-09-26 13:42:46 [INFO] Saved article: STF arrests spurious drugs gang kingpin, seizes stock worth Rs 7.50 crore in Varanasi
2024-09-26 13:42:46 [INFO] Saved article: 3 pan-India drug networks busted by Hyderabad Narcotics Enforcement Wing, 8 held
2024-09-26 13:42:46 [INFO] Saved article: Hyderabad: Interstate opium peddler and 3 addicts arrested
2024-09-26 13:42:46 [INFO] Saved article: Hyderabad pub drug bust: Cops get four-day custody of 2
2024-09-26 13:42:46 [INFO] Saved article: Hyderabad: Key drug peddler Tony granted bail
2024-09-26 13:42:46 [INFO] Saved article: Drug peddler held, MDMA meant for New Year revelry seized in Hyderabad
2024-09-26 13:42:46 [INFO] Saved article: Cops seize Rs 267 crore ecstasy in Nashik drug unit bust
2024-09-26 13:42:46 [INFO] Saved article: Crime rate up by nearly 7% in Rachakonda: CP
2024-09-26 13:42:46 [INFO] Saved article: Goa drug kingpin Steve in police net, brought to Hyderabad
2024-09-26 13:42:46 [INFO] Saved article: Hyderabad police nab elusive Curlies shack owner in Goa ambush
2024-09-26 13:42:46 [INFO] Saved article: Hyderabad: Two Nigerians held for drug peddling
2024-09-26 13:42:46 [INFO] Saved article: Three held for peddling drugs, narcotics worth Rs 10 lakh seized in Hyderabad
2024-09-26 13:42:46 [INFO] Saved article: Hyderabad: Three pharmacists arrested for illegal sale of mucormycosis drug
2024-09-26 13:42:46 [INFO] Saved article: Hyderabad: Two from Rajasthan arrested for selling heroin
2024-09-26 13:42:46 [INFO] Saved article: Passenger held with 5 kg cocaine at Hyderabad airport
2024-09-26 13:42:46 [INFO] Saved article: Hyderabad: Nigerian, 2 aides held in inter-state drug bust
2024-09-26 13:42:46 [INFO] Saved article: Man arrested with cocaine, MDMA meant for NY revelry
2024-09-26 13:42:46 [INFO] Saved article: Hyderabad: Interstate drug racket busted, businessman held
2024-09-26 13:42:46 [INFO] Saved article: Hyderabad Narcotics Enforcement Wing to open anti-drug abuse committees in all educational institutions
2024-09-26 13:42:46 [INFO] Saved article: Hyderabad: Mobile notifications give away drug trafficker's real identity
2024-09-26 13:42:46 [INFO] Saved article: MDMA peddling racket busted, Rs 6 lakh worth drugs seized in Hyderabad
2024-09-26 13:42:46 [INFO] Saved article: Fugitive drug peddler arrested
2024-09-26 13:42:46 [INFO] Saved article: Nigerian arrested in Hyderabad with 30gm MDMA
2024-09-26 13:42:46 [INFO] Saved article: Hyderabad: Sonali Phogat murder accused denied bail in drugs case
2024-09-26 13:42:46 [INFO] Saved article: Hyderabad: Drug peddler arrested, 30gm of cocaine seized
2024-09-26 13:42:46 [INFO] Saved article: Mumbai peddler who ran drug racket in Hyderabad invested gains in stocks, crypto
2024-09-26 13:42:46 [INFO] Saved article: New diktat to curb drugs: Hyderabad pubs can’t play music!
2024-09-26 13:42:46 [INFO] Saved article: Sushant Singh Rajput case: NCB arrests drug peddler Harish Khan linked to late actor
2024-09-26 13:42:46 [INFO] Saved article: MBA graduate arrested in Tamil Nadu for drug trafficking
2024-09-26 13:42:46 [INFO] Saved article: Andhra Pradesh: Illegal drugs racket busted in Ongole
2024-09-26 13:42:46 [INFO] Saved article: Drug peddler from Mumbai arrested in Secunderabad
2024-09-26 13:42:46 [INFO] Saved article: Goa drug peddler held, has 160 customers from Hyderabad
2024-09-26 13:42:46 [INFO] Saved article: Actor Chrisann Pereira held in Sharjah after duo plants drugs on her
2024-09-26 13:42:46 [INFO] Saved article: Secunderabad: Man held for drug peddling, burglaries
2024-09-26 13:42:46 [INFO] Saved article: 4 drug peddlers from Mumbai, Hyderabad nabbed
2024-09-26 13:42:46 [INFO] Saved article: Hyderabad: 250 drug users granted immunity from trial
2024-09-26 13:42:46 [INFO] Saved article: Sushant Singh Rajput drugs case: Flatmate arrested in Hyderabad
2024-09-26 13:42:46 [INFO] Saved article: Three peddlers held in Hyderabad, drugs seized
2024-09-26 13:42:46 [INFO] Saved article: Hyderabad cops arrest Edwin of Curlie’s, take him to their city
2024-09-26 13:42:46 [INFO] Saved article: Peddler dabbled in biz, jobs before pushing drugs, held
2024-09-26 13:42:46 [INFO] Saved article: University of Hyderabad student held in drug ring bust
2024-09-26 13:42:46 [INFO] Saved article: Drug bust at Hyderabad pub: Guests under lens
2024-09-26 13:42:46 [INFO] Saved article: Stop epidemic, set up emergency helpline to rescue marooned, HC to Telangana govt
2024-09-26 13:42:46 [INFO] Saved article: NCB busts drug racket run by pharma co in Kerala GIDC
2024-09-26 13:42:46 [INFO] Saved article: GFP president Vijai Sardesai: Are cops in collusion with Goa’s drug mafia?
2024-09-26 13:42:46 [INFO] Saved article: Telangana: Drug peddler arrested with 200 kg ganja
2024-09-26 13:42:46 [INFO] Saved article: Hyderabad: MNC employees involved in drug bust, sacked, say police
2024-09-26 13:42:46 [INFO] Saved article: Arrested peddlers violate bail norms, resume activity in city
2024-09-26 13:42:46 [INFO] Saved article: Hyderabad: Seven drug peddlers held, cocaine & MDMA seized
2024-09-26 13:42:46 [INFO] Saved article: Drug bust uncovers criminal saga of Telugu film financier
2024-09-26 13:42:46 [INFO] Saved article: Hyderabad: Two drug peddlers arrested from Nampally hotel
2024-09-26 13:42:46 [INFO] Saved article: Illegal drug-making unit in Bidar raided, 5 arrested
2024-09-26 13:42:46 [INFO] Saved article: Fake air tickets were Plan B in bid to frame actor Chrisann Pereira, others
2024-09-26 13:42:46 [INFO] Saved article: Unemployed techie from Hyderabad dies of overdose after drug binge
2024-09-26 13:42:46 [INFO] Saved article: Hyderabad: 8 held for helping Tony peddle drugs
2024-09-26 13:42:46 [INFO] Saved article: Hyderabad gym owner, aide held for selling steroids, injections
2024-09-26 13:42:46 [INFO] Saved article: AIU nabs South African woman with 6kg heroin at Hyderabad airport
2024-09-26 13:42:46 [INFO] Saved article: Hyderabad: Two drug peddlers arrested with 50kg ganja worth Rs 6 lakh
2024-09-26 13:42:46 [INFO] Saved article: I am still free: Dark web drug dealer after Hyderabad police crackdown
2024-09-26 13:42:46 [INFO] Saved article: Two drug peddlers held
2024-09-26 13:42:46 [INFO] Saved article: Sushant Singh Rajput drugs case: Siddharth Pithani arrested by the Narcotics Control Bureau
2024-09-26 13:42:46 [INFO] Saved article: Won't spare anyone involved in drug scene: Hyderabad police commissioner
2024-09-26 13:42:46 [INFO] Saved article: To fight drugs, Hyderabad pubs told to stop music
2024-09-26 13:42:46 [INFO] Saved article: Two more held in Rs 267 crore mephedrone drug seizure case at Nashik
2024-09-26 13:42:46 [INFO] Saved article: Pune: Money trail in 2 web task frauds goes from bank accounts to e-wallets to crypto exchanges
2024-09-26 13:42:46 [INFO] Saved article: Drug bust: Peddler Tony sold to select Hyderabad clients
2024-09-26 13:42:46 [INFO] Saved article: NCB seizes ₹50cr drugs in raids at 2 illegal factories near Pune
2024-09-26 13:42:46 [INFO] Saved article: Law also applies to rich kids found at pub drug bust: Asaduddin Owaisi
2024-09-26 13:42:46 [INFO] Saved article: Ashu Reddy denies involvement in KP Chowdary's drugs peddling case: Read her statement
2024-09-26 13:42:46 [INFO] Saved article: Hyderabad: Facebook employee turned drug peddler arrested
2024-09-26 13:42:46 [INFO] Saved article: 4 inter-state drug peddlers arrested
2024-09-26 13:42:46 [INFO] Saved article: Hyderabad-bound man arrested in Vijayawada, 95 lakh cash seized
2024-09-26 13:42:46 [INFO] Saved article: 2 foreigners arrested with 110gm meth
2024-09-26 13:42:46 [INFO] Saved article: Biggest single seizure of MDMA in Hyderabad; 2 arrested
2024-09-26 13:42:46 [INFO] Saved article: Top Hyderabad businessman, rich kids arrested for cocaine abuse
2024-09-26 13:42:46 [INFO] Saved article: One held with raw drugs worth ₹1cr
2024-09-26 13:42:46 [INFO] Saved article: Drug bust: US ‘bud’ in mattress, 2 held
2024-09-26 13:42:46 [INFO] Saved article: SUVs stolen from Hyderabad used by Rajasthan drug smugglers on Pakistan border
2024-09-26 13:42:46 [INFO] Saved article: Two welders peddling drugs held in Hyderabad, opium worth Rs 1 crore seized
2024-09-26 13:42:46 [INFO] Saved article: Hyderabad police didn’t ask for help in probe or arrest: DGP Jaspal Singh
2024-09-26 13:42:46 [INFO] Saved article: Telangana: 800kg ganja seized, 2 arrested in Hyderabad
2024-09-26 13:42:46 [INFO] Saved article: Hyderabad: Two foreigners arrested with narcotics
2024-09-26 13:42:46 [INFO] Saved article: Hyderabad cops seize 900gm of poppy straw concentrate, arrest 2
2024-09-26 13:42:46 [INFO] Saved article: Bangles, husk used as cover as cops bust ganja racket
2024-09-26 13:42:46 [INFO] Saved article: Telangana accused arrested by NCB Hyderabad in major Alprazolam drug racket reveals links with Karnataka case
2024-09-26 13:42:46 [INFO] Saved article: Man arrested for illegal sale of Oxygen cylinders in Hyderabad
2024-09-26 13:42:46 [INFO] Saved article: To India via Africa: Drug cartels chart new route
2024-09-26 13:42:46 [INFO] Saved article: Drug bust in Hyderabad pub raid; kin of stars, politicos, cops present
2024-09-26 13:42:46 [INFO] Saved article: Hyderabad: Nigerian held for peddling cocaine
2024-09-26 13:42:46 [INFO] Saved article: Nigerian gang running cocaine racket in city busted, 2 arrested
2024-09-26 13:42:46 [INFO] Saved article: Drug racket busted, 2 held
2024-09-26 13:42:46 [INFO] Saved article: Drug raid in Goa's Guirim, Kerala artist nabbed
2024-09-26 13:42:46 [INFO] Saved article: Raj home guard MDMA conduit to city, arrested
2024-09-26 13:42:46 [INFO] Saved article: Drug bust in Hyderabad: Renuka Chowdhury’s kin named 4th accused
2024-09-26 13:42:46 [INFO] Saved article: Hyderabad: 3 inter-state smugglers arrested with 256kg ganja
2024-09-26 13:42:46 [INFO] Saved article: Pub drug bust: Hyderabad cops zero in on a few with links to peddler Tony
2024-09-26 13:42:46 [INFO] Saved article: Bolly Buzz! Siddhanth Kapoor arrested on alleged drug consumption charges; Salman Khan continues to shoot for 'Bhaijaan' despite death threats
2024-09-26 13:42:46 [INFO] Saved article: Peddler arrested from Hyderabad airport ingests 108 heroin capsules
2024-09-26 13:42:46 [INFO] Saved article: NCB Mumbai seizes drugs worth Rs 135 crore, nine persons including three foreigners held
2024-09-26 13:42:46 [INFO] Saved article: One critical as car rams bike, angry mob roughs up driver
2024-09-26 13:42:46 [INFO] Saved article: Was at party over land issue: Hyderabad businessman
2024-09-26 13:42:46 [INFO] Saved article: Drug racket busted in Hyderabad; techie among 3 arrested
2024-09-26 13:42:46 [INFO] Saved article: Hyderabad: Two foreigners held for possession of drugs
2024-09-26 13:42:46 [INFO] Saved article: Five from Telangana held for illegal drug unit in Bidar
2024-09-26 13:42:46 [INFO] Saved article: Decoy cops arrest peddler with heroin
2024-09-26 13:42:46 [INFO] Saved article: Three held with LSD in Hyderabad
2024-09-26 13:42:46 [INFO] Saved article: Black fungus drug racket in Hyderabad: 3 held, ESI doctor absconding
2024-09-26 13:42:46 [INFO] Saved article: Edwin Nunes a bulk drug supplier, Goa didn’t help nab him: Hyderabad top cop
2024-09-26 13:42:46 [INFO] Saved article: Two doctors held for selling mucor drug at Rs 50,000 in Hyderabad
2024-09-26 13:42:46 [INFO] Saved article: Telangana: 3 persons nabbed, mephedrone worth Rs 2 crore seized
2024-09-26 13:42:46 [INFO] Saved article: International flyer held at Hyderabad airport with 5kg cocaine worth Rs 50 crore
2024-09-26 13:42:46 [INFO] Saved article: Cops-drugs ‘nexus’ back in focus as Brit says he paid protection money
2024-09-26 13:42:46 [INFO] Saved article: COVID drug Remdesivir has potential to cause serious adverse effects to heart: Study
2024-09-26 13:42:46 [INFO] Saved article: Drug gangs sell in Hyderabad, return to other metros to escape cops
2024-09-26 13:42:46 [INFO] Saved article: Man sells fake drugs, arrested
2024-09-26 13:42:46 [INFO] Saved article: Niharika Konidela's memes flood social media after Hyderabad police detain her in drug case
2024-09-26 13:42:46 [INFO] Saved article: Telangana: Hotels near RGIA den for drug traffickers?
2024-09-26 13:42:46 [INFO] Saved article: Ghana national held in Hyderabad for 'possessing' cocaine
2024-09-26 13:42:46 [INFO] Saved article: Yemen national held in Hyderabad, cocaine & MDMA seized
2024-09-26 13:42:46 [INFO] Saved article: Job lost in lockdown, Hyderabad teacher sells drugs
2024-09-26 13:42:46 [INFO] Saved article: Mumbai Police busts major MDMA (ecstasy) manufacturing unit in Nashik; seizes drugs worth rs 267 crore
2024-09-26 13:42:46 [INFO] Saved article: Taxi driver held in drug overdose case in Goa
2024-09-26 13:42:46 [INFO] Saved article: Heroin stash in Burundi woman’s buttons seized
2024-09-26 13:42:46 [INFO] Saved article: Guntur police arrest Saudi national for ‘manufacturing drugs’
2024-09-26 13:42:46 [INFO] Saved article: Actress’ husband held with cocaine in Hyderabad
2024-09-26 13:42:46 [INFO] Saved article: Five Telangana MLAs attended drug parties in Bengaluru: Police
2024-09-26 13:42:46 [INFO] Saved article: 3 Nigerians held with drugs worth Rs 1 crore in decoy op in Bengaluru
2024-09-26 13:42:46 [INFO] Saved article: Fake drug rackets spread across six states
2024-09-26 13:42:46 [INFO] Saved article: Three Hyderabad call centres con US nationals of $20k in 24 hrs daily
2024-09-26 13:42:46 [INFO] Saved article: DRI seizes 101kg gold smuggled from Nepal to Mumbai
2024-09-26 13:42:46 [INFO] Saved article: Tanish Alladi appears before the ED in Hyderabad: Tollywood drugs & money laundering case
2024-09-26 13:42:46 [INFO] Saved article: 20-yr-old student held with MDMA
2024-09-26 13:42:46 [INFO] Saved article: Vizag gets high on psychedelic drugs, around 80% users & peddlers are students
2024-09-26 13:42:46 [INFO] Saved article: Interstate peddler nabbed with 50gm MDMA worth ₹4L
2024-09-26 13:42:46 [INFO] Saved article: Bigg Boss Telugu 3 fame Hema refutes reports of arrest at the pub raid; urges to stop blaming star kids for drug abuse
2024-09-26 13:42:46 [INFO] Saved article: Rollercoaster chase ends Vellore peddler's drug run
2024-09-26 13:42:46 [INFO] Saved article: Three arrested for selling LSD, ganja in Hyderabad
2024-09-26 13:42:46 [INFO] Saved article: Hyderabad: Gandhi nurse among 10 held for illegal sale of mucor drug
2024-09-26 13:42:46 [INFO] Saved article: DRI seizes 3.2 kg heroin worth Rs 21 crore from Zambian woman at Hyderabad airport
2024-09-26 13:42:46 [INFO] Saved article: Hyderabad: Nigerian drug peddler, girlfriend arrested
2024-09-26 13:42:46 [INFO] Saved article: Hyderabad: Excise sleuths stop foreign drug peddlers in their tracks
2024-09-26 13:42:46 [INFO] Saved article: 2 held for illegal sale of black fungus drug
2024-09-26 13:42:46 [INFO] Saved article: Sushant Singh Rajput drug case: Bombay HC rejects drug peddler Sahil Shah's anticipatory bail plea
2024-09-26 13:42:46 [INFO] Saved article: Four peddlers held with hash oil in Hyderabad
2024-09-26 13:42:46 [INFO] Saved article: Sandalwood drug case: Cook left behind trail for cops to trace accused Aditya Alva
2024-09-26 13:42:46 [INFO] Saved article: Tanzanian arrested for drug peddling, cocaine seized
2024-09-26 13:42:46 [INFO] Saved article: 4 held for illegal sale of black fungus drug
2024-09-26 13:42:46 [INFO] Saved article: Five arrested in Hyderabad with Alprazolam, clandestine labs unearthed
2024-09-26 13:42:46 [INFO] Saved article: ED grills drug case key accused Calvin Mascarenhas again
2024-09-26 13:42:46 [INFO] Saved article: Andhra Pradesh: Four including a VR constable arrested for smuggling Hash oil in Chittoor district
2024-09-26 13:42:46 [INFO] Saved article: Alprazolam worth ₹3cr seized in raid
2024-09-26 13:42:46 [INFO] Saved article: Hyderabad: Two drug peddlers arrested, cocaine, opium and Rs 1.3 lakh seized
2024-09-26 13:42:46 [INFO] Saved article: 3 techies held for inter-state drug biz in Hyderabad
2024-09-26 13:42:46 [INFO] Saved article: Hyderabad: 3 held for illegal sale of Remdesivir, 2 vials seized
2024-09-26 13:42:46 [INFO] Saved article: Rs 20 crore cocaine: Nigerian national among 3 held at Mumbai airport
2024-09-26 13:42:46 [INFO] Saved article: Drug worth Rs 25L headed for Oz seized in Hyderabad
2024-09-26 13:42:46 [INFO] Saved article: Taliban link suspected to drug mules caught in Hyderabad, other airports
2024-09-26 13:42:46 [INFO] Saved article: 800gm ganja & 9 sachets MDMA seized from 5 in city
2024-09-26 13:42:46 [INFO] Saved article: Steroids racket busted, two held in Hyderabad
2024-09-26 13:42:46 [INFO] Saved article: Second hashish oil bust in 2 days in Hyderabad, 3 arrested
2024-09-26 13:42:46 [INFO] Saved article: Nigerian held with 20gm cocaine, 9 ecstasy pills
2024-09-26 13:42:46 [INFO] Saved article: Hyderabad: Drug peddlers hide dope in vehicles for essentials
2024-09-26 13:42:46 [INFO] Saved article: Hyderabad: Three peddlers, including a cop, arrested
2024-09-26 13:42:46 [INFO] Saved article: Bengaluru: Hair follicle tests confirm accused took drugs, say cops
2024-09-26 13:42:46 [INFO] Saved article: Drug bust: No chargesheet after 3 years
2024-09-26 13:42:46 [INFO] Saved article: Hyderabad’s Walter White was paid Rs 5 crore a year to make drugs
2024-09-26 13:42:46 [INFO] Saved article: Opium peddler arrested, drugs worth Rs 20 lakh seized
2024-09-26 13:42:46 [INFO] Saved article: Ex-Ranji Trophy cricketer from Andhra Pradesh held in bid to dupe firm
2024-09-26 13:42:46 [INFO] Saved article: Nigerian peddler caught with 178 grams of cocaine in Hyderabad
2024-09-26 13:42:46 [INFO] Saved article: 'Rags to riches': MDMA pushers to Hyderabad led plush lives
2024-09-26 13:42:46 [INFO] Saved article: 3 peddlers held, drug worth Rs 15 lakh seized
2024-09-26 13:42:46 [INFO] Saved article: Drugs case: Sushant Singh Rajput’s friend held in Hyderabad
2024-09-26 13:42:46 [INFO] Saved article: Cops seize 18 gram MDMA, five held in Hyderabad
2024-09-26 13:42:46 [INFO] Saved article: Hyderabad: Drug peddler arrested at Banjara Hills
2024-09-26 13:42:46 [INFO] Saved article: 'ISIS drug' Tramadol smuggled to war-torn Sudan from Andhra Pradesh & Telangana
2024-09-26 13:42:46 [INFO] Saved article: Gauri Khan goes back to work, shares first IG post ever since Aryan Khan’s arrest in cruise ship drug case
2024-09-26 13:42:46 [INFO] Saved article: Indore cops nab Mumbai gangland duo on ecstasy drugs trail
2024-09-26 13:42:46 [INFO] Saved article: Hyderabad: 49% decline in crime against women
2024-09-26 13:42:46 [INFO] Saved article: Tripura man arrested for trying to open Indigo flight door mid-air, injured in scuffle
2024-09-26 13:42:46 [INFO] Saved article: Two siblings peddling ganja arrested
2024-09-26 13:42:46 [INFO] Saved article: Bombay HC rejects bail plea in drugs case
2024-09-26 13:42:46 [INFO] Saved article: Hyderabad: Techie and youth arrested, ganja oil worth Rs 7.8 lakh seized
2024-09-26 13:42:46 [INFO] Saved article: Two drug peddlers arrested in Hyderabad
2024-09-26 13:42:46 [INFO] Saved article: Mumbai Police seizes Mephedrone valued Rs 300 crore in ongoing operation; arrests 12 individuals
2024-09-26 13:42:46 [INFO] Saved article: ‘Man, his mother drugged wife to cause abortion’
2024-09-26 13:42:46 [INFO] Saved article: Four held for Covid-19 drug advertisement in Hyderabad
2024-09-26 13:42:46 [INFO] Saved article: Hyderabad: Three techies held; LSD, hashish oil seized
2024-09-26 13:42:46 [INFO] Saved article: Tollywood's Drugs Case: Inquiry of Kelvin and Nandu ends, Rana Daggubati to appear before ED today
2024-09-26 13:42:46 [INFO] Saved article: Bengaluru's hydro ganja bust: Trio from Hyderabad
2024-09-26 13:42:46 [INFO] Saved article: NCB busts drug smuggling to Oz via courier, arrests two
2024-09-26 13:42:46 [INFO] Saved article: Hyderabad: Another woman peddler held with 3.2 kilos heroin at Rajiv Gandhi International Airport
2024-09-26 13:42:46 [INFO] Saved article: Hyderabad: Five held for illegal sale of Covid-19 antiviral drugs
2024-09-26 13:42:46 [INFO] Saved article: Drug bust: Hyderabad police draw a blank at two pharma units
2024-09-26 13:42:46 [INFO] Saved article: After marijuana, cocaine favourite with drug abusers in Hyderabad
2024-09-26 13:42:46 [INFO] Saved article: Drugs worth Rs 3 crore seized till August
2024-09-26 13:42:46 [INFO] Saved article: Telangana: Man held with MDMA drug, got drug from Rajasthan supplier
2024-09-26 13:42:46 [INFO] Saved article: Film producer arrested for peddling cocaine in Telangana; celebrities under lens
2024-09-26 13:42:46 [INFO] Saved article: Hyderabad: Now, peddlers dial food apps to supply drugs, hoodwink cops
2024-09-26 13:42:46 [INFO] Saved article: DCA cracks whip on oxygen distributors in Hyderabad
2024-09-26 13:42:46 [INFO] Saved article: Cruise drug bust: NCB witness Gosavi arrested in Pune in 2018 cheating case
2024-09-26 13:42:46 [INFO] Saved article: 3 held with MDMA and ecstasy pills in Telangana
2024-09-26 13:42:46 [INFO] Saved article: PhD scholar arrested for illegally manufacturing mephedrone
2024-09-26 13:42:46 [INFO] Saved article: Peddler & 2 customers held with heroin
2024-09-26 13:42:46 [INFO] Saved article: Hyderabad Narcotics Enforcement Wing seizes 12 gm MDMA worth Rs 1.2 lakh
2024-09-26 13:42:46 [INFO] Saved article: Hyderabad: DRI seizes over 50 kg narcotic drugs worth Rs 6 crore buried underground
2024-09-26 13:42:46 [INFO] Saved article: Hyderabad police invoke PD Act against Edwin Nunes
2024-09-26 13:42:46 [INFO] Saved article: Ketamine maker held from home; 26kg of drug and machine seized
2024-09-26 13:42:46 [INFO] Saved article: In Telangana, four held for selling Covid drugs at higher rates
2024-09-26 13:42:46 [INFO] Saved article: Inter-state racket busted; five arrested, 82 kilo ganja seized
2024-09-26 13:42:46 [INFO] Saved article: Hyderabad: Four arrested for selling Remdesivir injections at exorbitant prices
2024-09-26 13:42:46 [INFO] Saved article: Key drug peddler Tony granted bail
2024-09-26 13:42:46 [INFO] Saved article: Hyderabad: Pharmaceutical company owner's son caught for selling hash oil chocolate bars
2024-09-26 13:42:46 [INFO] Saved article: Hyderabad: Two arrested for selling Remdesivir injection at exorbitant price
2024-09-26 13:42:46 [INFO] Saved article: Cops will write to drugmakers, check if Hyderabad raid linked
2024-09-26 13:42:46 [INFO] Saved article: Former Facebook employee-turned-drug peddler held for home delivering contraband in Hyderabad
2024-09-26 13:42:46 [INFO] Saved article: Bengaluru: 4 women, foreigner held in drugs case
2024-09-26 13:42:46 [INFO] Saved article: Telangana: Contraband worth Rs 20 lakh seized in Kandukur; one arrested
2024-09-26 13:42:46 [INFO] Saved article: Citing tech issues, Hyderabad FSL returns actors' hair samples
2024-09-26 13:42:46 [INFO] Saved article: Telangana: Peddlers go to Bengaluru on pass, get cocaine
2024-09-26 13:42:46 [INFO] Saved article: Hyderabad: Two held for illegal sale of Covid drugs
2024-09-26 13:42:46 [INFO] Saved article: Drug peddler held in Mettuguda
2024-09-26 13:42:46 [INFO] Saved article: Hyderabad: Three from Mumbai held with 5 gm MDMA
2024-09-26 13:42:46 [INFO] Saved article: Ganja worth Rs 2cr seized on its way to Maharashtra
2024-09-26 13:42:46 [INFO] Saved article: Cyberabad police bust inter-state drug racket, seize cocaine worth Rs 1.30 crore
2024-09-26 13:42:46 [INFO] Saved article: Drugs Racket: South actress Shweta Kumari arrested by NCB in Mumbai
2024-09-26 13:42:46 [INFO] Saved article: Telangana HC verdict in drugs case today; 9 accused seek quashing of FIR
2024-09-26 13:42:46 [INFO] Saved article: Sushant Singh Rajput case: Here’s how Siddharth Pithani’s Instagram post helped NCB in arresting him
2024-09-26 13:42:46 [INFO] Saved article: 250kg drugs worth Rs47cr seized by DRI, 3 held after raids in Mum, Hyderabad
2024-09-26 13:42:46 [INFO] Saved article: 2 Nigerians among 3 held for 'peddling' cocaine in Hyderabad
2024-09-26 13:42:46 [INFO] Saved article: Hyderabad’s drug bust leads city parents to introspect - ‘we are to be blamed for our kids getting addicted to drugs’
2024-09-26 13:42:46 [INFO] Saved article: Hyderabad: Rave parties in star hotel suites stun cops
2024-09-26 13:42:46 [INFO] Saved article: Hyderabad cop booked for rape on the run, suspended
2024-09-26 13:42:46 [INFO] Saved article: International drug racket busted, narcotics worth Rs 9 crore seized
2024-09-26 13:42:46 [INFO] Saved article: Hyderabad: 7 arrested for selling injections at higher rate
2024-09-26 13:42:46 [INFO] Saved article: Drug peddler arrested, 150gm opium seized
2024-09-26 13:42:46 [INFO] Saved article: Goa: Forensic lab raises hopes of quicker end to narco cases
2024-09-26 13:42:46 [INFO] Saved article: DRI busts 2 labs, 25kg mephedrone worth Rs 50 crore seized in Hyderabad
2024-09-26 13:42:46 [INFO] Saved article: Nigerian gets drugs from Mumbai kingpin, arrested
2024-09-26 13:42:46 [INFO] Saved article: Hyderabad: 3 peddlers held; MDMA & ganja seized from flat
2024-09-26 13:42:46 [INFO] Saved article: In just 6 mths, over 92kg of narcotics seized in Goa
2024-09-26 13:42:46 [INFO] Saved article: Nigerian gang busted, woman aide arrested with cocaine, brown sugar
2024-09-26 13:42:46 [INFO] Saved article: Hyderabad police dig in heels in Goa, net druglord Edwin Nunes
2024-09-26 13:42:46 [INFO] Saved article: Pithani abetted Rajput’s drug habit: NCB
2024-09-26 13:42:46 [INFO] Saved article: Ghana native, 2 others held with cocaine in Hyderabad
2024-09-26 13:42:46 [INFO] Saved article: Bala Murugan shipped charas in apple crates across India
2024-09-26 13:42:46 [INFO] Saved article: AP: As cops strengthen anti-drug drive, more traffickers come under scrutiny
2024-09-26 13:42:46 [INFO] Saved article: Drug hub unearthed at Bolarum, 2 arrested
2024-09-26 13:42:46 [INFO] Saved article: Hyderabad: Task force arrests 2 peddlers, seizes 90g of mephedrone
2024-09-26 13:42:46 [INFO] Saved article: Hyderabad man held in Internet pharmacy racket, Rs 3.17 crore cash seized
2024-09-26 13:42:46 [INFO] Saved article: 4 held with brown sugar in Hyderabad
2024-09-26 13:42:46 [INFO] Saved article: Hyderabad drugs case: IBM techie among five arrested for having ganja
2024-09-26 13:42:46 [INFO] Saved article: Hyderabad: 4 held with ganja worth Rs 1.2 crore
2024-09-26 13:42:46 [INFO] Saved article: 3 more held in drugs case
2024-09-26 13:42:46 [INFO] Saved article: Hyderabad drugs case: 240 kg ganja seized, two drug peddlers arrested
2024-09-26 13:42:46 [INFO] Saved article: Drug racket busted, peddler held with 78 LSD blots, ganja
2024-09-26 13:42:46 [INFO] Saved article: Cops to seek cancellation of Tony’s bail
2024-09-26 13:42:46 [INFO] Saved article: Pub case: 2 in police custody
2024-09-26 13:42:46 [INFO] Saved article: 250kg drugs worth Rs 47 crore seized by DRI; three held after raids in Mumbai, Hyderabad
2024-09-26 13:42:46 [INFO] Saved article: Drug inspector’s Rs 1 lakh Diwali ‘gift’ lands her in ACB trap
2024-09-26 13:42:46 [INFO] Saved article: Mumbai peddler who ran drug racket in Hyd invested gains in stocks, crypto
2024-09-26 13:42:46 [INFO] Saved article: Hyderabad: Police seize 102kg ganja, 4 held
2024-09-26 13:42:46 [INFO] Saved article: 4 peddlers arrested, 12gm heroin seized
2024-09-26 13:42:46 [INFO] Saved article: 2 drug peddlers, 8 consumers held
2024-09-26 13:42:46 [INFO] Saved article: Hyderabad: Three nurses among 7 nabbed for illegal sale of Covid drug
2024-09-26 13:42:46 [INFO] Saved article: Rakul Preet appears before ED in connection to 2017 drug case
2024-09-26 13:42:46 [INFO] Saved article: Hyderabad: Drugs worth Rs 2.5 lakh found, two peddlers held
2024-09-26 13:42:46 [INFO] Saved article: Drugs worth Rs 31 lakh seized in north Goa in past fortnight
2024-09-26 13:42:46 [INFO] Saved article: Drugs worth Rs 31L seized in N Goa in past fortnight
2024-09-26 13:42:46 [INFO] Saved article: Man who duped 200 as ‘plasma donor’ arrested in Hyderabad
2024-09-26 13:42:46 [INFO] Saved article: Bizmen with links to Tony grilled in pub drugs case
2024-09-26 13:42:46 [INFO] Saved article: Telangana: Drug racket busted, peddler held with 78 LSD blots, ganja
2024-09-26 13:42:46 [INFO] Saved article: Hyderabad: Taking expressway lands peddlers in soup
2024-09-26 13:42:46 [INFO] Saved article: Cybercrook making Rs 3 crore a day from scams arrested by Mumbai cops
2024-09-26 13:42:46 [INFO] Saved article: Goa druglord booked for evading Hyderabad cops with fake Covid positive certificate
2024-09-26 13:42:46 [INFO] Saved article: K’buragi cop criticalafter smugglers attack
2024-09-26 13:42:46 [INFO] Saved article: Scandals don’t affect me, there are far more interesting things going on in my life
2024-09-26 13:42:46 [INFO] Saved article: Addict taps social media platform to make drugs
2024-09-26 13:42:46 [INFO] Saved article: 5 peddlers held with hashish oil in Hyderabad
2024-09-26 13:42:46 [INFO] Saved article: Rs 80 crore cocaine haul at Hyderabad airport, 2 Africans held
2024-09-26 13:42:46 [INFO] Saved article: Coronavirus treatment: Everything we know about DRDO's COVID medicine, 2-deoxy-D-glucose
2024-09-26 13:42:46 [INFO] Saved article: Telangana: Student, Nigerian among 4 cocaine peddlers held
2024-09-26 13:42:46 [INFO] Saved article: Malawian held with heroin worth Rs 22 crore at Hyderabad airport
2024-09-26 13:42:46 [INFO] Saved article: Hyderabad: 3 peddlers held, drug network unearthed
2024-09-26 13:42:46 [INFO] Saved article: Police to move Goa court for Edwin’s transit
2024-09-26 13:42:46 [INFO] Saved article: Hyderabad: Student among 2 smugglers held, hashish oil seized
2024-09-26 13:42:46 [INFO] Saved article: Hyderabad: Three more arrested in IMS scandal
2024-09-26 13:42:46 [INFO] Saved article: Bolly Buzz: Kartik Aaryan's shocking reason for leaving SRK's next; Siddharth Pithani arrested in drug case
2024-09-26 13:42:46 [INFO] Saved article: NCB raids illegal drug factory in Nacharam
2024-09-26 13:42:46 [INFO] Saved article: Leprosy is not the end. This Hyderabad hospital shows why
2024-09-26 13:42:46 [INFO] Saved article: Eight arrested for illegally selling antiviral medicines at exorbitant prices in Hyderabad
2024-09-26 13:42:46 [INFO] Saved article: Hyderabad police to launch two special narcotics units today
2024-09-26 13:42:46 [INFO] Saved article: Drug scandal: Kajal Aggarwal's manager Ronny arrested
2024-09-26 13:42:46 [INFO] Saved article: HC dismisses bail plea to IAF officer in 2016 drug case
2024-09-26 13:42:46 [INFO] Saved article: NCB chief probing Bollywood drug case related to Sushant Singh Rajput's death, awarded 'Medal for Excellence in Investigation'
2024-09-26 13:42:46 [INFO] Saved article: Telangana: Pubs, clubs to lose licence if drugs found
2024-09-26 13:42:46 [INFO] Saved article: Four more arrested in the Excise department crack down on drug network
2024-09-26 13:42:46 [INFO] Saved article: International prostitution racket busted, 14,000 women caught in web of sex & drugs across 15 cities
2024-09-26 13:42:46 [INFO] Saved article: Hyderabad: 18 persons held with ganja
2024-09-26 13:42:46 [INFO] Saved article: Zero FIR booked in rape case
2024-09-26 13:42:46 [INFO] Saved article: Actress Chrisann Pereira's mother Premila reveals her daughter's harrowing 'drug mule' incident in detail, says 'My daughter is surrounded by criminals in jail' - Exclusive
2024-09-26 13:42:46 [INFO] Saved article: Chinese men get bail, cops yet to find ‘drugs’
2024-09-26 13:42:46 [INFO] Saved article: IAS officer house burglaries cracked, newspaper pile ups helped accused
2024-09-26 13:42:46 [INFO] Saved article: Hyderabad: Two peddlers held with 10kg ganja
2024-09-26 13:42:46 [INFO] Saved article: 22kg ganja found on train at Secunderabad railway station
2024-09-26 13:42:46 [INFO] Saved article: Hyderabad: Black magician, son held for raping sisters
2024-09-26 13:42:46 [INFO] Saved article: Highest haul in T, cops seize 183gm of cocaine
2024-09-26 13:42:46 [INFO] Saved article: STF seizes spurious medicines worth Rs 7.5 crore, arrests 1 in Varanasi
2024-09-26 13:42:46 [INFO] Saved article: 2 arrested with 30 sachets of MDMA
2024-09-26 13:42:46 [INFO] Saved article: Hyderabad: Four held for selling sleeping pills illegally
2024-09-26 13:42:46 [INFO] Saved article: Mundra heroin haul: 10-day remand for Afghan national
2024-09-26 13:42:46 [INFO] Saved article: 300kg ganja seized in Hyderabad, two from Maharashtra held
2024-09-26 13:42:46 [INFO] Saved article: Overstaying foreigners seek good life, avoid T cops’ radar
2024-09-26 13:42:46 [INFO] Saved article: Drug peddler and wife held in Banjara Hills, cocaine seized
2024-09-26 13:42:46 [INFO] Saved article: Hyderabad doctors save patient from Nigeria
2024-09-26 13:42:46 [INFO] Saved article: 2.4 crore party drug seized on Nagpur-Hyderabad highway
2024-09-26 13:42:46 [INFO] Saved article: 4 drug dealers held, 200kg ganja worth ₹20L seized
2024-09-26 13:42:46 [INFO] Saved article: Sushant Singh Rajput’s roommate granted bail by Bombay HC in drugs case
2024-09-26 13:42:46 [INFO] Saved article: Police seize 110kg ganja in Hyderabad
2024-09-26 13:42:46 [INFO] Saved article: No enmity with Shah Rukh Khan, he has BJP friends: Union minister G Kishan Reddy
2024-09-26 13:42:46 [INFO] Saved article: Breaking Bad? Chemical engineer behind drug ring
2024-09-26 13:42:46 [INFO] Saved article: Tollywood drug case: Only 4 charge sheets filed by SIT
2024-09-26 13:42:46 [INFO] Saved article: IIM-Ahmedabad alumnus arrested for sale of fake cancer injection
2024-09-26 13:42:46 [INFO] Saved article: Arrest accused in case, says Bandi
2024-09-26 13:42:46 [INFO] Saved article: Two from Telangana held with Rs 70 crore ecstasy in MP drug bust
2024-09-26 13:42:46 [INFO] Saved article: Rave party organiser, drug gangs under CTF scrutiny
2024-09-26 13:42:46 [INFO] Saved article: Hyderabad: Three peddlers held, hashish oil seized
2024-09-26 13:42:46 [INFO] Saved article: Hyderabad drug case: 'Mass Maharaja' Ravi Teja in hot seat today, ready for quiz
2024-09-26 13:42:46 [INFO] Saved article: Telangana: ED contempt notice to excise official in Tollywood drugs case
2024-09-26 13:42:46 [INFO] Saved article: Narcotics Control Bureau busts two drug syndicates, 6 held
2024-09-26 13:42:46 [INFO] Saved article: Hyderabad Drug case: Experts say public posturing has devastating results
2024-09-26 13:42:46 [INFO] Saved article: Telangana excise officials conduct raids in drugs case
2024-09-26 13:42:46 [INFO] Saved article: Kill rapists and murderers in encounters, says Telangana Congress president A Revanth Reddy
2024-09-26 13:42:46 [INFO] Saved article: 3 arrested for transporting drugs
2024-09-26 13:42:46 [INFO] Saved article: Hyderabad drug racket: The probe so far
2024-09-26 13:42:46 [INFO] Saved article: Hyderabad: Cocaine racket spread in several metros, says report
2024-09-26 13:42:46 [INFO] Saved article: Hyderabad drugs case: SIT quizzes actor Taneesh for 4 hours
2024-09-26 13:42:46 [INFO] Saved article: Hyderabad drug case: KCR announces Rs 1 lakh reward for any clues
2024-09-26 13:42:46 [INFO] Saved article: Hyderabad drug case: Actor Navdeep sweats, Kajal Aggarwal tense
2024-09-26 13:42:46 [INFO] Saved article: Hyderabad drug racket: Telugu actor Navdeep appears before SIT
2024-09-26 13:42:46 [INFO] Saved article: 'F Club' in Film Nagar loses its licence, excise vigil on 14 pubs
2024-09-26 13:42:46 [INFO] Saved article: Techies say cops should focus on dangerous drugs, not ganja
2024-09-26 13:42:46 [INFO] Saved article: Hyderabad drugs case: Drug freeze by tracking banking trail on Darknet
2024-09-26 13:42:46 [INFO] Saved article: Ecstasy peddlers turning into a headache for Hyderabad cops
2024-09-26 13:42:46 [INFO] Saved article: UP-bound ganja worth Rs 2 crore seized by Cyberabad police
2024-09-26 13:42:46 [INFO] Saved article: 3 narcotics peddlers arrested
2024-09-26 13:42:46 [INFO] Saved article: 80 cr cocaine haul at RGIA, 2 Africans held
2024-09-26 13:42:46 [INFO] Saved article: Goa drug probes hit as Hyderabad lab lacks testing material
2024-09-26 13:42:46 [INFO] Saved article: Hyderabad: Degree, engineering students nabbed for drug peddling
2024-09-26 13:42:46 [INFO] Saved article: Pain-killer drug new substitute for ganja addicts
2024-09-26 13:42:46 [INFO] Saved article: Two caught with Rs 3 crore party drug meant for Mumbai pubs
2024-09-26 13:42:46 [INFO] Saved article: Telangana: Two gangs of ganja peddlers busted, 200kg drugs seized
2024-09-26 13:42:46 [INFO] Saved article: Rally to shut down hookah lounges and billiards parlours
2024-09-26 13:42:46 [INFO] Saved article: Hyderabad drugs case: Baahubali actor Subbaraju grilled for 12 hours
2024-09-26 13:42:46 [INFO] Saved article: SEB busts illegal drug mfg unit
2024-09-26 13:42:46 [INFO] Saved article: Give CCTV link access to excise department: Telangana minister to pubs
2024-09-26 13:42:46 [INFO] Saved article: Enforcement Directorate summons top Tollywood stars in 2017 drug bust case
2024-09-26 13:42:46 [INFO] Saved article: ED summons Tollywood celebrities Rakul Preet, Rana Daggubati, Ravi Teja and Puri Jagannadh in drugs case
2024-09-26 13:42:46 [INFO] Saved article: How flyers are turned into drug mules
2024-09-26 13:42:46 [INFO] Saved article: Three drug peddlers held
2024-09-26 13:42:46 [INFO] Saved article: Hyderabad drug case: Dutch drug peddler in cop custody
2024-09-26 13:42:46 [INFO] Saved article: Telangana: ‘Need more Covid care centres in case of third wave’
2024-09-26 13:42:46 [INFO] Saved article: Drug bust: Hyderabad pharma company honcho held, ketamine worth Rs 25 crore seized
2024-09-26 13:42:46 [INFO] Saved article: Mumbai: Court denies bail to Sushant Singh Rajput's flatmate Siddharth Pithani in drug case
2024-09-26 13:42:46 [INFO] Saved article: Flats reserved in Bengaluru exclusively for drug consumption, say cops
2024-09-26 13:42:46 [INFO] Saved article: 5 held for illegal sale of fungus drug
2024-09-26 13:42:46 [INFO] Saved article: Drugs case: Bombay HC grants bail to ex-flatmate of late actor Sushant Singh Rajput
2024-09-26 13:42:46 [INFO] Saved article: Four ganja peddlersfrom Maha arrested
2024-09-26 13:42:46 [INFO] Saved article: Two arrested in capital for possession of ganja
2024-09-26 13:42:46 [INFO] Saved article: 180 kgs ganja worth Rs 18 lakh seized in Andhra Pradesh
2024-09-26 13:42:46 [INFO] Saved article: NCB busts 2 major drug syndicates, 6 held
2024-09-26 13:42:46 [INFO] Saved article: Tollywood drugs case: ED seeks ‘missing’ audio & video recordings of actors
2024-09-26 13:42:46 [INFO] Saved article: DRI, NCB grappling for clues on flow of narcotics
2024-09-26 13:42:46 [INFO] Saved article: Drug bust in Hyderabad: Students high on LSD
2024-09-26 13:42:46 [INFO] Saved article: Chennai cops bust meth unit in Andhra Pradesh; chemist held
2024-09-26 13:42:46 [INFO] Saved article: 42 cocaine pellets recovered from arrested smuggler's body in Hyderabad
2024-09-26 13:42:46 [INFO] Saved article: Three peddlers held in Secunderabad; Rs 2 lakh worth narco items seized from them
2024-09-26 13:42:46 [INFO] Saved article: ‘Kid’ peddlers keep railway cops on toes
2024-09-26 13:42:46 [INFO] Saved article: How you exercise is key to cardiac health: Experts
2024-09-26 13:42:46 [INFO] Saved article: Railway stations in Hyderabad key transit point for drugs
2024-09-26 13:42:46 [INFO] Saved article: Taliban routing drugs to West via India: DRI
2024-09-26 13:42:46 [INFO] Saved article: Drug bust: Telangana cops sniff out role of AP inspector in racket
2024-09-26 13:42:46 [INFO] Saved article: Maharashtra-bound 300kg ganja seized by Hyderabad police
2024-09-26 13:42:46 [INFO] Saved article: Peddler held with cocaine in Hyderabad
2024-09-26 13:42:46 [INFO] Saved article: International drug dealer absconding since 2018 nabbed at Bengaluru airport
2024-09-26 13:42:46 [INFO] Saved article: Contact list of addicts in focus
2024-09-26 13:42:46 [INFO] Saved article: Hyderabad: Two women held with heroin worth Rs 78 crore
2024-09-26 13:42:46 [INFO] Saved article: Hyderabad drug racket: Telugu actor Nandu appears before SIT
2024-09-26 13:42:46 [INFO] Saved article: Hyderabad: Some customers bought cocaine every week, says Nigerian peddler Tony
2024-09-26 13:42:46 [INFO] Saved article: How unsuspected flyers become drug mules
2024-09-26 13:42:46 [INFO] Saved article: Drug racket busted, 2 held in Hyderabad
2024-09-26 13:42:46 [INFO] Saved article: 10 inter-state drug peddlers held, 240 kg ganja seized
2024-09-26 13:42:46 [INFO] Saved article: Narco nab: 3 locals and a Nigerian caught, drug contraband seized
2024-09-26 13:42:46 [INFO] Saved article: DRI seizes Alprazolam drug worth Rs 2.40 crore in Telangana
2024-09-26 13:42:46 [INFO] Saved article: Two including Nigerian national arrested in drugs case
2024-09-26 13:42:46 [INFO] Saved article: South African national lands in drug net as SIT wraps up Nandu probe
2024-09-26 13:42:46 [INFO] Saved article: Drug racket busted, 4 arrested in Cyderabad
2024-09-26 13:42:46 [INFO] Saved article: The battle lies in Charmee’s answers to SIT
2024-09-26 13:42:46 [INFO] Saved article: Hyderabad: Three held for black marketing Remdesivir as govt announce crackdown
2024-09-26 13:42:46 [INFO] Saved article: Mumbai: Rs 5-crore drugs for Australia seized from mattresses
2024-09-26 13:42:46 [INFO] Saved article: Karnataka: Ecstasy pills factory raided in Kolar; seven arrested, equipment seized
2024-09-26 13:42:46 [INFO] Saved article: Hyderabad: Two held for selling remdesivir shots at Rs 14k
2024-09-26 13:42:46 [INFO] Saved article: Siddharth Pithani to apply for bail again, in Sushant Singh Rajput drugs case
2024-09-26 13:42:46 [INFO] Saved article: Drug racket busted in city, 3 arrested
2024-09-26 13:42:46 [INFO] Saved article: Steroids can hurt heart, raise cardiac arrest risk
2024-09-26 13:42:46 [INFO] Saved article: Soon, state forensic science lab to conduct tests for synthetic drugs
2024-09-26 13:42:46 [INFO] Saved article: Telangana: 6 drug peddlers held in Bhadradri Kothagudem , 500 kg ganja seized
2024-09-26 13:42:46 [INFO] Saved article: Two NIT students held for drug sale
2024-09-26 13:42:46 [INFO] Saved article: Hyderabad drug case: Dutch techie in drugnet, cops blow lid off conduit
2024-09-26 13:42:46 [INFO] Saved article: Hyderabad drugs case: Lounge license suspended, warning letters to pubs & star hotels
2024-09-26 13:42:46 [INFO] Saved article: Hyderabad drug case: IT department identifies over 40 cyber junkies, alerts firms
2024-09-26 13:42:46 [INFO] Saved article: Remdesivir sale at high price in Hyderabad: Four held
2024-09-26 13:42:46 [INFO] Saved article: 25-yr-old arrested, 63 LSD blots seized in Vizag city
2024-09-26 13:42:46 [INFO] Saved article: Drug haul at Narsingi flat, two Nigerians arrested
2024-09-26 13:42:46 [INFO] Saved article: Arjun Rampal’s partner’s bro held in Goa drug raid
2024-09-26 13:42:46 [INFO] Saved article: Peddler held, 150g cocaine seized in Hyderabad
2024-09-26 13:42:46 [INFO] Saved article: Drug racket busted, 3 held with MDMA
2024-09-26 13:42:46 [INFO] Saved article: Drug peddlers held with 70 kg ganja
2024-09-26 13:42:46 [INFO] Saved article: Mumbai: NDPS court rejects second bail plea by Siddharth Pithani in drugs case
2024-09-26 13:42:46 [INFO] Saved article: Thane: Member of Dawood Ibrahim gang arrested by Anti-Extortion Cell
2024-09-26 13:42:46 [INFO] Saved article: On foreign trips, Tollywood stars struck by drug craze
2024-09-26 13:42:46 [INFO] Saved article: Cybernetics graduate arrested for selling LSD over Darknet
2024-09-26 13:42:46 [INFO] Saved article: Contraband worth Rs 10 lakh seized in Secunderabad, three held
2024-09-26 13:42:46 [INFO] Saved article: Hyderabad drug peddler also part of racket
2024-09-26 13:42:46 [INFO] Saved article: Drug bust: Bengaluru scientist held in Hyderabad
2024-09-26 13:42:46 [INFO] Saved article: Telangana: Rave party busted, students & private staffers among 90 held
2024-09-26 13:42:46 [INFO] Saved article: Drug racket: 4 more peddlers arrested
2024-09-26 13:42:46 [INFO] Saved article: Foreign gangs plough drug cash for fast life
2024-09-26 13:42:46 [INFO] Saved article: Hyderabad drug case: HC asks SIT to file petition on scope of probe in a week
2024-09-26 13:42:46 [INFO] Saved article: Hyderabad witnesses 13% dip in overall crime, but goes high on drugs; cyber crime spurt too
2024-09-26 13:42:46 [INFO] Saved article: Ranchi: Post-Covid complications rise in absence of specialised care clinics
2024-09-26 13:42:46 [INFO] Saved article: Nigerians call the shots in cocaine peddling in Hyderabad
2024-09-26 13:42:46 [INFO] Saved article: Hyderabad: 2 drug peddlers held
2024-09-26 13:42:46 [INFO] Saved article: How cops traced the drug dealer's link to Tollywood
2024-09-26 13:42:46 [INFO] Saved article: 11 arrested in Suryapet for illegal sale of Remdesivir
2024-09-26 13:42:46 [INFO] Saved article: Brazilian cartel part of Hyderabad cocaine trail
2024-09-26 13:42:46 [INFO] Saved article: No drug overdose in Goa in last five years: CM Pramod Sawant
2024-09-26 13:42:46 [INFO] Saved article: Big cocaine haul by task force in Kondapur, 4 held
2024-09-26 13:42:46 [INFO] Saved article: City teen runs drug biz on Snapchat, 3 arrested
2024-09-26 13:42:46 [INFO] Saved article: 'Pregnant' with drugs, woman lands in Hyderabad
2024-09-26 13:42:46 [INFO] Saved article: 50 kilos ganja seized, 2 peddlers arrested
2024-09-26 13:42:46 [INFO] Saved article: Nigerian peddler held; 6 gm cocaine seized
2024-09-26 13:42:46 [INFO] Saved article: Hyderabad in the stranglehold of growing drug menace
2024-09-26 13:42:46 [INFO] Saved article: Slap PD Act & arrest the guilty: Natti Kumar
2024-09-26 13:42:46 [INFO] Saved article: Nigerian couple arrested for supplying drugs on the eve of New Year
2024-09-26 13:42:46 [INFO] Saved article: Odisha gangster, who had escaped from hospital, arrested in Telangana
2024-09-26 13:42:46 [INFO] Saved article: Drug trail leads to college campus
2024-09-26 13:42:46 [INFO] Saved article: Citing tech issues, Hyd FSL returns Sanjjanaa, Ragini’s hair samples
2024-09-26 13:42:46 [INFO] Saved article: #SandalwoodDrugScandal: Ragini Dwivedi and Sanjjanaa Galrani's dope test goof up
2024-09-26 13:42:46 [INFO] Saved article: DRI arrests kingpin in 814 kg drug bust case
2024-09-26 13:42:46 [INFO] Saved article: As Covid graph rises, Telangana stares at oxygen supply crisis in state
2024-09-26 13:42:46 [INFO] Saved article: Kangana Ranaut claims Telugu cinema as India’s Top Film Industry
2024-09-26 13:42:46 [INFO] Saved article: Drug peddling case: No evidence against me, says Sanjjanaa Galrani
2024-09-26 13:42:46 [INFO] Saved article: Three drug peddlers held, variety of narcotics seized
2024-09-26 13:42:46 [INFO] Saved article: Drug racket busted in Hyderabad, 7 Nigerians held
2024-09-26 13:42:46 [INFO] Saved article: Siddharth Pithani granted interim relief for marriage; will have to surrender again on July 2
2024-09-26 13:42:46 [INFO] Saved article: Hyderabad lockdown news: Today's updates from your city
2024-09-26 13:42:46 [INFO] Saved article: Late Sushant Singh Rajput's friend Siddharth Pithani applies for bail citing wedding as the reason
2024-09-26 13:42:46 [INFO] Saved article: Sushant Singh Rajput drugs case: Siddharth Pithani's lawyer reveals his bail plea has been pending since January -Exclusive!
2024-09-26 13:42:46 [INFO] Saved article: DRI finds Rs 6cr worth drugs at sealed firm
2024-09-26 13:42:46 [INFO] Saved article: Int’l drug operation busted, Rs 47 cr worth contraband seized
2024-09-26 13:42:46 [INFO] Saved article: Congress, TRS cadre clash outside Revanth Reddy’s residence in Hyderabad; 3 injured
2024-09-26 13:42:46 [INFO] Saved article: Sushant Singh Rajput case: NCB sends the late actor's flatmate Siddharth Pithani to 14-day judicial custody
2024-09-26 13:42:46 [INFO] Saved article: Jaipur to Gurugram via Agra and Delhi: How Remdesivir reached smugglers
2024-09-26 13:42:46 [INFO] Saved article: Lens on Delhi hospitals over ‘pilferage’ of Remdesivir
2024-09-26 13:42:46 [INFO] Saved article: Hyderabad drug scandal: Wrong to say we are targeting film industry, says SIT head Akun Sabharwal
2024-09-26 13:42:46 [INFO] Saved article: Drug bust: Hunt on to nab cook of amphetamine
2024-09-26 13:42:46 [INFO] Saved article: Interstate drug racket busted; NCB arrests scientist, 2 others
2024-09-26 13:42:46 [INFO] Saved article: 5 pharma firm staff arrested for dumping chemicals
2024-09-26 13:42:46 [INFO] Saved article: Gujarat: Man held with 58 vials of Remdesivir
2024-09-26 13:42:46 [INFO] Saved article: Four months on, Aditya Alva held in Chennai
2024-09-26 13:42:46 [INFO] Saved article: Ex-Ranji cricketer held for trying to dupe businessman in Hyderabad
2024-09-26 13:42:46 [INFO] Saved article: State nod for acquisition of narcotic detection kits
2024-09-26 13:42:46 [INFO] Saved article: Hyderabad police seize ketamine, arrest trio from Kadapa
2024-09-26 13:42:46 [INFO] Saved article: Chem firm director held in Thane drug case quits
2024-09-26 13:42:46 [INFO] Saved article: Drug peddling gang busted in Hyderabad
2024-09-26 13:42:46 [INFO] Saved article: Excise officials arrest peddler at Bowenpally
2024-09-26 13:42:46 [INFO] Saved article: Sushant Singh Rajput drugs case: NCB gets five-day custody of Siddharth Pithani
2024-09-26 13:42:46 [INFO] Saved article: CM Pramod Sawant wakes up to youth drug abuse, says parents to blame
2024-09-26 13:42:46 [INFO] Saved article: International drug racket: IAF Wing Commander arrested
2024-09-26 13:42:46 [INFO] Saved article: Hyderabad: Techie among four peddlers caught, LSD & ganja seized
2024-09-26 13:42:46 [INFO] Saved article: Nigerian arrested for selling drugs
2024-09-26 13:42:46 [INFO] Saved article: Hyderabad Drugs case: Ram Gopal Varma kicks up storm on social media
2024-09-26 13:42:46 [INFO] Saved article: Techie arrested for raping physiotherapist in Hyderabad
2024-09-26 13:42:46 [INFO] Saved article: Goa’s own forensic lab to soon test seized drugs
2024-09-26 13:42:46 [INFO] Saved article: Telangana worker jailed in Dubai for carrying banned drugs freed
2024-09-26 13:42:46 [INFO] Saved article: Drug abusers now on police radar
2024-09-26 13:42:46 [INFO] Saved article: Panaji: Police can now test drugs on the spot
2024-09-26 13:42:46 [INFO] Saved article: 3 engineering students arrested for trading LSD drug
2024-09-26 13:42:46 [INFO] Scraping complete. Data saved to "timesofindia.csv".
